good morning
早安
早上好
你早
侬早
dobro jutro
god morgen
bonjour
guten morgen
Καλημέρα
aloha kakahiaka
शुभ प्रभात
नमस्ते
selamat pagi
dia dhuit ar maidin
dia dhóibh ar maidin
baidin mhaith
buongiorno
お早うございます
お早う
Қайырлы таң
안녕하십니까
labrīt
labas rytas
Kia ora
ata mārie
mōrena
selamat pagi
शुभ प्रभात
god morgen
dzień dobry
bom dia
Доброе утро
dobroe utro
guid mornin
madainn mhath
Добро јутро
bon giornu
Bon giornu
dobré ráno
dobrý deň
buenos días
habari ya asubuhi
god morgon
magandang umaga
காலை வணக்கம்
సుప్రభాతం
สวัสดีครับ
sà wàt dee kráp
moning
günaydın
chào buổi sáng