good night
goeienag
Բարի' գիշեր
Լո'ւյս բարի
natën e mirë
bona nuechi
gabon
শুভরাত্রি।
laku noć
Лека нощ
leka nošt
bona nit
晚安
jóutáu
早抖
wǎnān
laku noć
dobrou noc
god nat
goedenacht
welterusten
hyvää yötä
bonne nuit
ძილი ნებისა
dzili nebisa
საღამო მშვიდობისა
saghamo mshvidobisa
Gute Nacht
Καληνύχτα
kaliníhta
Kαλό βράδυ
kaló vrádi
sinilluarit
sinilluaritsi
bònn nui
bonswa
bonswa et bon rev
नमस्ते
namaste
शुभ रात्रि 
śubh rātrī
jó éjszakát
kívánok
góða nótt
selamat malam
oíche mhaith
buonanotte
おやすみなさい 
おやすみなさい
oyasumi nasai 
おやすみ
oyasumi
안녕히 주무십시요
annyonghi jumushipsiyo
잘자
jal jja
ar labunakti
Добра ноќ
dobra nok
pō mārie
selamat malam
शुभ रात्री
subha ratri
god natt
boa noite
ਸ਼ੁੱਭ ਰਾਤਰੀ
shubh rātri
noapte bună
cпокойной ночи
spokojnoj noči
oidhche mhath
Лаку ноћ
laku noć
bona notti
dobrú noc
lahko noč
habeen wanaagsan
buenas noches
usiku mwema
lala salama
god natt
இரவு வணக்கம்
iravu vanakkam
ราตรีสวัสดิ์
raa-dtree sà-wàt
İiyi geceler
hа добраніч
na dobranič
chúc ngủ ngon
nos da